********************************************************************************
DUPLICATOR-LITE PACKAGE-LOG: October 5, 2022 12:31 pm
NOTICE: Do NOT post to public sites or forums 
********************************************************************************
VERSION:	1.5.0
WORDPRESS:	6.0.2
PHP INFO:	7.4.3 | SAPI: apache2handler
SERVER:		Apache/2.4.41 (Ubuntu) 
PHP TIME LIMIT: (0) no time limit imposed 
PHP MAX MEMORY: 4294967296 (2048M default) 
MEMORY STACK: 2MB

********************************************************************************
DATABASE:
********************************************************************************
BUILD MODE:   MYSQLDUMP
MYSQLTIMEOUT: 5000
MYSQLDUMP:    Is Supported
SQL CREATED: 20221005_fluix_d3df27604783a4e87952_20221005123155_database.sql
SQL FILE SIZE: 1.25MB (1313841)
SQL FILE TIME: 2022-10-05 12:31:59
SQL RUNTIME: 0.07 sec.

********************************************************************************
ARCHIVE (ZIP):
********************************************************************************
ARCHIVE DIR:  /var/www/localhost/fluix
ARCHIVE FILE: 20221005_fluix_d3df27604783a4e87952_20221005123155_archive.zip
FILTERS: *OFF*
DIRS:
	not set
FILES:
	not set
EXTS:  not set
----------------------------------------
COMPRESSING
SIZE:	264.9MB
STATS:	Dirs 5,977 | Files 38,160
SQL ADDED: 20221005_fluix_d3df27604783a4e87952_20221005123155_database.sql
ZipArchive Object
(
    [status] => 0
    [statusSys] => 0
    [numFiles] => 44137
    [filename] => /var/www/localhost/fluix/wp-content/backups-dup-lite/tmp/20221005_fluix_d3df27604783a4e87952_20221005123155_archive.zip
    [comment] => 
)

FILE ADDED TO ZIP: 44136
COMPRESSION RESULT: '1'
COMPRESSED SIZE: 84.77MB
ARCHIVE RUNTIME: 13.08 sec.
MEMORY STACK: 15.26MB
building installer
ARCHIVE CONSISTENCY TEST: PASS

********************************************************************************
INTEGRITY CHECKS:
********************************************************************************
SQL FILE: 1.25MB
INSTALLER FILE: 73.35KB
ARCHIVE FILE: 87.17MB 
EXPECTED FILE/DIRECTORY COUNT: 44,137
ACTUAL FILE/DIRECTORY COUNT: 44,136
ARCHIVE CONSISTENCY TEST: Pass

********************************************************************************
RECORD ID:[2]
TOTAL PROCESS RUNTIME: 14.17 sec.
PEAK PHP MEMORY USED: 25.27MB
DONE PROCESSING => 20221005_fluix October 5, 2022 12:32 pm

